decimal     binary    hex
     119      ?        ?
      52      ?        ?
     116      ?        ?
      29      ?        ?
     120      ?        ?

119/2 = 59        remainder 1					
59/2 = 29         remainder 1
29/2 = 14         remainder 1
14/2 = 7           remainder 0
7/2 = 3             remainder 1
3/2 = 1             remainder 1
½ = 0		remainder 1				Answer: 0111 0111

52/2 = 26        remainder 0
26/2 = 13        remainder 0
13/2 = 6 	remainder 1
6/2 = 3		remainder 0
3/2 = 1 	remainder 1
½ = 0		remainder 1				Answer:  0011 0100

116/2 = 58	remainder 0
58/ 2 =29	remainder 0
29/2 =14	remainder 1
14/2 = 7	remainder 0
7/2 = 3		remainder 1
3/2 = 1		remainder 1
½ = 0		remainder 1				Answer: 0111 0100

29/ 2 =14 	remainder 1
14/2 = 7 	remainder 0
7/2 = 3 	remainder 1
3/2 = 1 	remainder 1
½ = 0		remainder 1				Answer: 0001 1101

120/2 = 60	remainder 0
60/2 = 30	remainder 0
30/2 = 15	remainder 0
15/2 = 7	remainder 1
7/2 = 3		remainder 1
3/2 = 1		remainder 1
½ = 0		remainder 1				Answer: 0111 1000
Binary to Hexadecimal:

119 = 0111 0111
0111 = 1 + 2 +4 = 7
0111 = 1 + 2 +4 = 7
Answer: 77

52 = 0011 0100
0011 = 1 + 2 = 3
0100 = 4 = 4
Answer: 34

116 = 0111 0100
0111 = 1 + 2 +4 = 7
0100 = 4 = 4
Answer: 74

29 = 0001 1101
0001 = 1
1101 = 8 + 4 + 1 =13 = D
Answer: 1 D

120 = 0111 1000
0111 = 1 + 2 + 4 = 7
1000 = 8
Answer: 78





